c:\programs\github\gpupackage\microimagelib\vcxprojs\libapi\x64\debug\vc141.pdb
c:\programs\github\gpupackage\microimagelib\vcxprojs\libapi\x64\debug\vc141.idb
c:\programs\github\gpupackage\microimagelib\vcxprojs\libapi\x64\debug\api_reg.obj
c:\programs\github\gpupackage\microimagelib\vcxprojs\libapi\x64\debug\api_decon.obj
c:\programs\github\gpupackage\microimagelib\vcxprojs\libapi\x64\debug\apifunc.obj
c:\programs\github\gpupackage\microimagelib\vcxprojs\libapi\x64\debug\api_powell.obj
c:\programs\github\gpupackage\microimagelib\bin\win\libapi.lib
c:\programs\github\gpupackage\microimagelib\bin\win\libapi.exp
c:\programs\github\gpupackage\microimagelib\bin\win\libapi.ilk
c:\programs\github\gpupackage\microimagelib\bin\win\libapi.dll
c:\programs\github\gpupackage\microimagelib\bin\win\libapi.pdb
c:\programs\github\gpupackage\microimagelib\vcxprojs\libapi\x64\debug\api_subfunc.cu.cache
c:\programs\github\gpupackage\microimagelib\vcxprojs\libapi\x64\debug\api_subfunc.cu.obj
c:\programs\github\gpupackage\microimagelib\vcxprojs\libapi\x64\debug\libapi.tlog\cl.command.1.tlog
c:\programs\github\gpupackage\microimagelib\vcxprojs\libapi\x64\debug\libapi.tlog\cl.read.1.tlog
c:\programs\github\gpupackage\microimagelib\vcxprojs\libapi\x64\debug\libapi.tlog\cl.write.1.tlog
c:\programs\github\gpupackage\microimagelib\vcxprojs\libapi\x64\debug\libapi.tlog\libapi.write.1u.tlog
c:\programs\github\gpupackage\microimagelib\vcxprojs\libapi\x64\debug\libapi.tlog\link.command.1.tlog
c:\programs\github\gpupackage\microimagelib\vcxprojs\libapi\x64\debug\libapi.tlog\link.read.1.tlog
c:\programs\github\gpupackage\microimagelib\vcxprojs\libapi\x64\debug\libapi.tlog\link.write.1.tlog
