c:\programs\github\gpupackage\microimagelib\vcxprojs\libapi\x64\release\vc141.pdb
c:\programs\github\gpupackage\microimagelib\vcxprojs\libapi\x64\release\api_reg.obj
c:\programs\github\gpupackage\microimagelib\vcxprojs\libapi\x64\release\api_decon.obj
c:\programs\github\gpupackage\microimagelib\vcxprojs\libapi\x64\release\apifunc.obj
c:\programs\github\gpupackage\microimagelib\vcxprojs\libapi\x64\release\api_powell.obj
c:\programs\github\gpupackage\microimagelib\bin\win\libapi.lib
c:\programs\github\gpupackage\microimagelib\bin\win\libapi.exp
c:\programs\github\gpupackage\microimagelib\bin\win\libapi.ipdb
c:\programs\github\gpupackage\microimagelib\bin\win\libapi.iobj
c:\programs\github\gpupackage\microimagelib\bin\win\libapi.dll
c:\programs\github\gpupackage\microimagelib\bin\win\libapi.pdb
c:\programs\github\gpupackage\microimagelib\vcxprojs\libapi\x64\release\api_subfunc.cu.cache
c:\programs\github\gpupackage\microimagelib\vcxprojs\libapi\x64\release\api_subfunc.cu.obj
c:\programs\github\gpupackage\microimagelib\vcxprojs\libapi\..\..\bin\win\libapi.dll
c:\programs\github\gpupackage\microimagelib\vcxprojs\libapi\x64\release\libapi.tlog\cl.command.1.tlog
c:\programs\github\gpupackage\microimagelib\vcxprojs\libapi\x64\release\libapi.tlog\cl.read.1.tlog
c:\programs\github\gpupackage\microimagelib\vcxprojs\libapi\x64\release\libapi.tlog\cl.write.1.tlog
c:\programs\github\gpupackage\microimagelib\vcxprojs\libapi\x64\release\libapi.tlog\libapi.write.1u.tlog
c:\programs\github\gpupackage\microimagelib\vcxprojs\libapi\x64\release\libapi.tlog\link.command.1.tlog
c:\programs\github\gpupackage\microimagelib\vcxprojs\libapi\x64\release\libapi.tlog\link.read.1.tlog
c:\programs\github\gpupackage\microimagelib\vcxprojs\libapi\x64\release\libapi.tlog\link.write.1.tlog
